{
  "RSpec": {
    "coverage": {
      "C:/Users/Cecil/Desktop/dpl_fall19/Week5/Day4/school_specs_fall19/config/environment.rb": [
        null,
        1,
        null,
        null,
        1
      ],
      "C:/Users/Cecil/Desktop/dpl_fall19/Week5/Day4/school_specs_fall19/config/application.rb": [
        1,
        null,
        1,
        null,
        1,
        1,
        1,
        1,
        1,
        1,
        1,
        1,
        1,
        1,
        1,
        null,
        null,
        null,
        null,
        1,
        null,
        1,
        1,
        null,
        1,
        null,
        null,
        null,
        null,
        null,
        null,
        null,
        1,
        null,
        null
      ],
      "C:/Users/Cecil/Desktop/dpl_fall19/Week5/Day4/school_specs_fall19/config/boot.rb": [
        1,
        null,
        1,
        1
      ],
      "C:/Users/Cecil/Desktop/dpl_fall19/Week5/Day4/school_specs_fall19/config/environments/test.rb": [
        null,
        null,
        null,
        null,
        null,
        1,
        null,
        null,
        1,
        null,
        null,
        null,
        null,
        1,
        null,
        null,
        1,
        1,
        null,
        null,
        null,
        null,
        1,
        1,
        1,
        null,
        null,
        1,
        null,
        null,
        1,
        null,
        null,
        1,
        null,
        1,
        null,
        null,
        null,
        null,
        1,
        null,
        null,
        1,
        null,
        null,
        null,
        null
      ],
      "C:/Users/Cecil/Desktop/dpl_fall19/Week5/Day4/school_specs_fall19/config/initializers/application_controller_renderer.rb": [
        null,
        null,
        null,
        null,
        null,
        null,
        null,
        null
      ],
      "C:/Users/Cecil/Desktop/dpl_fall19/Week5/Day4/school_specs_fall19/config/initializers/assets.rb": [
        null,
        null,
        null,
        1,
        null,
        null,
        null,
        null,
        1,
        null,
        null,
        null,
        null,
        null
      ],
      "C:/Users/Cecil/Desktop/dpl_fall19/Week5/Day4/school_specs_fall19/config/initializers/backtrace_silencers.rb": [
        null,
        null,
        null,
        null,
        null,
        null,
        null
      ],
      "C:/Users/Cecil/Desktop/dpl_fall19/Week5/Day4/school_specs_fall19/config/initializers/content_security_policy.rb": [
        null,
        null,
        null,
        null,
        null,
        null,
        null,
        null,
        null,
        null,
        null,
        null,
        null,
        null,
        null,
        null,
        null,
        null,
        null,
        null,
        null,
        null,
        null,
        null,
        null,
        null,
        null,
        null,
        null,
        null
      ],
      "C:/Users/Cecil/Desktop/dpl_fall19/Week5/Day4/school_specs_fall19/config/initializers/cookies_serializer.rb": [
        null,
        null,
        null,
        null,
        1
      ],
      "C:/Users/Cecil/Desktop/dpl_fall19/Week5/Day4/school_specs_fall19/config/initializers/filter_parameter_logging.rb": [
        null,
        null,
        null,
        1
      ],
      "C:/Users/Cecil/Desktop/dpl_fall19/Week5/Day4/school_specs_fall19/config/initializers/inflections.rb": [
        null,
        null,
        null,
        null,
        null,
        null,
        null,
        null,
        null,
        null,
        null,
        null,
        null,
        null,
        null,
        null
      ],
      "C:/Users/Cecil/Desktop/dpl_fall19/Week5/Day4/school_specs_fall19/config/initializers/mime_types.rb": [
        null,
        null,
        null,
        null
      ],
      "C:/Users/Cecil/Desktop/dpl_fall19/Week5/Day4/school_specs_fall19/config/initializers/wrap_parameters.rb": [
        null,
        null,
        null,
        null,
        null,
        null,
        1,
        2,
        null,
        null,
        null,
        null,
        null,
        null
      ],
      "C:/Users/Cecil/Desktop/dpl_fall19/Week5/Day4/school_specs_fall19/spec/factories/schools.rb": [
        1,
        1,
        1,
        1,
        1,
        1,
        1,
        null,
        null
      ],
      "C:/Users/Cecil/Desktop/dpl_fall19/Week5/Day4/school_specs_fall19/spec/factories/students.rb": [
        1,
        1,
        1,
        1,
        1,
        1,
        null,
        null
      ],
      "C:/Users/Cecil/Desktop/dpl_fall19/Week5/Day4/school_specs_fall19/config/routes.rb": [
        1,
        1,
        null,
        1,
        1,
        null,
        null
      ],
      "C:/Users/Cecil/Desktop/dpl_fall19/Week5/Day4/school_specs_fall19/app/helpers/application_helper.rb": [
        1,
        null
      ],
      "C:/Users/Cecil/Desktop/dpl_fall19/Week5/Day4/school_specs_fall19/app/models/application_record.rb": [
        1,
        1,
        null
      ],
      "C:/Users/Cecil/Desktop/dpl_fall19/Week5/Day4/school_specs_fall19/app/controllers/students_controller.rb": [
        1,
        1,
        1,
        null,
        null,
        1,
        0,
        null,
        null,
        null,
        1,
        null,
        null,
        null,
        1,
        0,
        null,
        null,
        null,
        1,
        null,
        null,
        null,
        1,
        0,
        null,
        0,
        0,
        null,
        0,
        null,
        null,
        null,
        null,
        1,
        0,
        0,
        null,
        0,
        null,
        null,
        null,
        null,
        1,
        0,
        0,
        null,
        null,
        1,
        null,
        null,
        1,
        0,
        null,
        null,
        1,
        0,
        null,
        null,
        null,
        1,
        0,
        null,
        null
      ],
      "C:/Users/Cecil/Desktop/dpl_fall19/Week5/Day4/school_specs_fall19/app/controllers/application_controller.rb": [
        1,
        null
      ],
      "C:/Users/Cecil/Desktop/dpl_fall19/Week5/Day4/school_specs_fall19/app/models/student.rb": [
        1,
        null,
        1,
        1,
        1,
        null,
        null,
        1,
        null
      ]
    },
    "timestamp": 1568339349
  }
}
